[debug] ----------------------------------------------------------------------
[debug] Command:      /usr/local/Cellar/node/6.3.1/bin/node /usr/local/bin/firebase open
[debug] CLI Version:  3.0.2
[debug] Platform:     darwin
[debug] Node Version: v6.3.1
[debug] Time:         Thu Aug 18 2016 14:55:59 GMT+0200 (CEST)
[debug] ----------------------------------------------------------------------
[debug] 
[debug] > command requires scopes: ["email","openid","https://www.googleapis.com/auth/cloudplatformprojects.readonly","https://www.googleapis.com/auth/firebase"]
[debug] >>> HTTP REQUEST GET https://admin.firebase.com/v1/projects/marisolgallardo-9f228 
[debug] <<< HTTP RESPONSE 200
[debug] >>> HTTP REQUEST GET https://admin.firebase.com/v1/database/marisolgallardo-9f228/tokens 
[error] 
[error] Error: An unknown error occurred. Please contact support.
[debug] Error Context: {
  "requestOptions": {
    "method": "GET",
    "json": true,
    "url": "https://admin.firebase.com/v1/database/marisolgallardo-9f228/tokens",
    "headers": {
      "authorization": "Bearer ya29.CjNDAwi_XeyZoFRluHsqJgykkuuUwxKUyWAw_wzGQJoOr43JCgGiuZAfWiPuhC3O3cMUipA"
    }
  },
  "body": {
    "error": {
      "code": "UNKNOWN_ERROR",
      "message": "An unknown error occurred. Please contact support."
    }
  },
  "response": {
    "statusCode": 500,
    "body": {
      "error": {
        "code": "UNKNOWN_ERROR",
        "message": "An unknown error occurred. Please contact support."
      }
    },
    "headers": {
      "server": "nginx",
      "date": "Thu, 18 Aug 2016 12:56:05 GMT",
      "content-type": "application/json; charset=utf-8",
      "content-length": "97",
      "connection": "close",
      "x-content-type-options": "nosniff"
    },
    "request": {
      "uri": {
        "protocol": "https:",
        "slashes": true,
        "auth": null,
        "host": "admin.firebase.com",
        "port": 443,
        "hostname": "admin.firebase.com",
        "hash": null,
        "search": null,
        "query": null,
        "pathname": "/v1/database/marisolgallardo-9f228/tokens",
        "path": "/v1/database/marisolgallardo-9f228/tokens",
        "href": "https://admin.firebase.com/v1/database/marisolgallardo-9f228/tokens"
      },
      "method": "GET",
      "headers": {
        "authorization": "Bearer ya29.CjNDAwi_XeyZoFRluHsqJgykkuuUwxKUyWAw_wzGQJoOr43JCgGiuZAfWiPuhC3O3cMUipA",
        "accept": "application/json"
      }
    }
  }
}
